2022-05-12 06:42:12,214 DEBUG    root            Loaded Command Group: ['gcloud', 'auth']
2022-05-12 06:42:12,217 DEBUG    root            Loaded Command Group: ['gcloud', 'auth', 'docker_helper']
2022-05-12 06:42:12,219 DEBUG    root            Running [gcloud.auth.docker-helper] with arguments: [METHOD: "get"]
2022-05-12 06:42:12,226 DEBUG    google.auth.transport.requests Making request: GET http://metadata.google.internal/computeMetadata/v1/instance/service-accounts/801727839795-compute@developer.gserviceaccount.com/?recursive=true
2022-05-12 06:42:12,228 DEBUG    urllib3.connectionpool Starting new HTTP connection (1): metadata.google.internal:80
2022-05-12 06:42:12,229 DEBUG    urllib3.connectionpool http://metadata.google.internal:80 "GET /computeMetadata/v1/instance/service-accounts/801727839795-compute@developer.gserviceaccount.com/?recursive=true HTTP/1.1" 200 197
2022-05-12 06:42:12,230 DEBUG    google.auth.transport.requests Making request: GET http://metadata.google.internal/computeMetadata/v1/instance/service-accounts/801727839795-compute@developer.gserviceaccount.com/token
2022-05-12 06:42:12,232 DEBUG    urllib3.connectionpool http://metadata.google.internal:80 "GET /computeMetadata/v1/instance/service-accounts/801727839795-compute@developer.gserviceaccount.com/token HTTP/1.1" 200 275
2022-05-12 06:42:12,309 DEBUG    google.auth.transport.requests Making request: GET http://metadata.google.internal/computeMetadata/v1/instance/service-accounts/801727839795-compute@developer.gserviceaccount.com/?recursive=true
2022-05-12 06:42:12,311 DEBUG    urllib3.connectionpool Starting new HTTP connection (1): metadata.google.internal:80
2022-05-12 06:42:12,312 DEBUG    urllib3.connectionpool http://metadata.google.internal:80 "GET /computeMetadata/v1/instance/service-accounts/801727839795-compute@developer.gserviceaccount.com/?recursive=true HTTP/1.1" 200 197
2022-05-12 06:42:12,313 DEBUG    google.auth.transport.requests Making request: GET http://metadata.google.internal/computeMetadata/v1/instance/service-accounts/801727839795-compute@developer.gserviceaccount.com/token?scopes=https%3A%2F%2Fwww.googleapis.com%2Fauth%2Fdevstorage.read_only%2Chttps%3A%2F%2Fwww.googleapis.com%2Fauth%2Flogging.write%2Chttps%3A%2F%2Fwww.googleapis.com%2Fauth%2Fmonitoring.write%2Chttps%3A%2F%2Fwww.googleapis.com%2Fauth%2Fservicecontrol%2Chttps%3A%2F%2Fwww.googleapis.com%2Fauth%2Fservice.management.readonly%2Chttps%3A%2F%2Fwww.googleapis.com%2Fauth%2Ftrace.append
2022-05-12 06:42:12,316 DEBUG    urllib3.connectionpool http://metadata.google.internal:80 "GET /computeMetadata/v1/instance/service-accounts/801727839795-compute@developer.gserviceaccount.com/token?scopes=https%3A%2F%2Fwww.googleapis.com%2Fauth%2Fdevstorage.read_only%2Chttps%3A%2F%2Fwww.googleapis.com%2Fauth%2Flogging.write%2Chttps%3A%2F%2Fwww.googleapis.com%2Fauth%2Fmonitoring.write%2Chttps%3A%2F%2Fwww.googleapis.com%2Fauth%2Fservicecontrol%2Chttps%3A%2F%2Fwww.googleapis.com%2Fauth%2Fservice.management.readonly%2Chttps%3A%2F%2Fwww.googleapis.com%2Fauth%2Ftrace.append HTTP/1.1" 200 275
2022-05-12 06:42:12,319 INFO     root            Display format: "json"
2022-05-12 06:42:12,320 INFO     ___FILE_ONLY___ {
  "Secret": "ya29.c.b0AXv0zTOonPQIGHHLgOaU4oGUNcWhJVNAu9SS2b2DM4wmRk7dWfgWZ7iWNCW9uNn6df0Xa4etS0cZrkptsV3To2DkdxKa33ry_5upAAosuN4gVTOA4Y2gtrDeDEFsBf9M_GCtatf4sscbt2gN_qoDHOKrkgG1aylmE2G2HVUUDK0dlttkCg26oQE-b5X_0K0aVw-XgEtvkoxLIJ8mAY7p-KM................................................................................................................................................................................................................................................................................................................................................................................................................................................................................................................................................................................................................................................................................................................................................................................................................................",
  "Username": "_dcgcloud_token"
}
2022-05-12 06:42:12,320 INFO     ___FILE_ONLY___ 

2022-05-12 06:42:12,321 DEBUG    root            SDK update checks are disabled.
