2022-05-12 07:15:34,142 DEBUG    root            Loaded Command Group: ['gcloud', 'auth']
2022-05-12 07:15:34,145 DEBUG    root            Loaded Command Group: ['gcloud', 'auth', 'docker_helper']
2022-05-12 07:15:34,147 DEBUG    root            Running [gcloud.auth.docker-helper] with arguments: [METHOD: "get"]
2022-05-12 07:15:34,153 DEBUG    google.auth.transport.requests Making request: GET http://metadata.google.internal/computeMetadata/v1/instance/service-accounts/801727839795-compute@developer.gserviceaccount.com/?recursive=true
2022-05-12 07:15:34,155 DEBUG    urllib3.connectionpool Starting new HTTP connection (1): metadata.google.internal:80
2022-05-12 07:15:34,157 DEBUG    urllib3.connectionpool http://metadata.google.internal:80 "GET /computeMetadata/v1/instance/service-accounts/801727839795-compute@developer.gserviceaccount.com/?recursive=true HTTP/1.1" 200 197
2022-05-12 07:15:34,157 DEBUG    google.auth.transport.requests Making request: GET http://metadata.google.internal/computeMetadata/v1/instance/service-accounts/801727839795-compute@developer.gserviceaccount.com/token
2022-05-12 07:15:34,159 DEBUG    urllib3.connectionpool http://metadata.google.internal:80 "GET /computeMetadata/v1/instance/service-accounts/801727839795-compute@developer.gserviceaccount.com/token HTTP/1.1" 200 275
2022-05-12 07:15:34,233 DEBUG    google.auth.transport.requests Making request: GET http://metadata.google.internal/computeMetadata/v1/instance/service-accounts/801727839795-compute@developer.gserviceaccount.com/?recursive=true
2022-05-12 07:15:34,234 DEBUG    urllib3.connectionpool Starting new HTTP connection (1): metadata.google.internal:80
2022-05-12 07:15:34,235 DEBUG    urllib3.connectionpool http://metadata.google.internal:80 "GET /computeMetadata/v1/instance/service-accounts/801727839795-compute@developer.gserviceaccount.com/?recursive=true HTTP/1.1" 200 197
2022-05-12 07:15:34,236 DEBUG    google.auth.transport.requests Making request: GET http://metadata.google.internal/computeMetadata/v1/instance/service-accounts/801727839795-compute@developer.gserviceaccount.com/token?scopes=https%3A%2F%2Fwww.googleapis.com%2Fauth%2Fdevstorage.read_only%2Chttps%3A%2F%2Fwww.googleapis.com%2Fauth%2Flogging.write%2Chttps%3A%2F%2Fwww.googleapis.com%2Fauth%2Fmonitoring.write%2Chttps%3A%2F%2Fwww.googleapis.com%2Fauth%2Fservicecontrol%2Chttps%3A%2F%2Fwww.googleapis.com%2Fauth%2Fservice.management.readonly%2Chttps%3A%2F%2Fwww.googleapis.com%2Fauth%2Ftrace.append
2022-05-12 07:15:34,239 DEBUG    urllib3.connectionpool http://metadata.google.internal:80 "GET /computeMetadata/v1/instance/service-accounts/801727839795-compute@developer.gserviceaccount.com/token?scopes=https%3A%2F%2Fwww.googleapis.com%2Fauth%2Fdevstorage.read_only%2Chttps%3A%2F%2Fwww.googleapis.com%2Fauth%2Flogging.write%2Chttps%3A%2F%2Fwww.googleapis.com%2Fauth%2Fmonitoring.write%2Chttps%3A%2F%2Fwww.googleapis.com%2Fauth%2Fservicecontrol%2Chttps%3A%2F%2Fwww.googleapis.com%2Fauth%2Fservice.management.readonly%2Chttps%3A%2F%2Fwww.googleapis.com%2Fauth%2Ftrace.append HTTP/1.1" 200 275
2022-05-12 07:15:34,242 INFO     root            Display format: "json"
2022-05-12 07:15:34,244 INFO     ___FILE_ONLY___ {
  "Secret": "ya29.c.b0AXv0zTMB_XGMp0u8jicMkSqrQRxUiSTcfZLe7sf8ke_5nNzgal4T4O1f9mFXLwPmo5aA-6cSrs5QGbqMeMfd5rSdejVzyNV-J0cvyUo-FHHtTKqEAHqMZm8ivl3wAuQ-WnleinMOeznAyPBd9PnamE4PnX49riVQmm70iiFKO4lKTUtOoqB8fve9dBHTlC1yf5HVM8pcLF_LAsF8iWtjUDI................................................................................................................................................................................................................................................................................................................................................................................................................................................................................................................................................................................................................................................................................................................................................................................................................................",
  "Username": "_dcgcloud_token"
}
2022-05-12 07:15:34,244 INFO     ___FILE_ONLY___ 

2022-05-12 07:15:34,244 DEBUG    root            SDK update checks are disabled.
