2022-05-11 14:09:22,007 DEBUG    root            Loaded Command Group: ['gcloud', 'privateca']
2022-05-11 14:09:22,008 DEBUG    root            Loaded Command Group: ['gcloud', 'workspace_add_ons']
2022-05-11 14:09:22,010 DEBUG    root            Loaded Command Group: ['gcloud', 'emulators']
2022-05-11 14:09:22,011 DEBUG    root            Loaded Command Group: ['gcloud', 'workflows']
2022-05-11 14:09:22,013 DEBUG    root            Loaded Command Group: ['gcloud', 'datastream']
2022-05-11 14:09:22,014 DEBUG    root            No implementation for release track [GA] for element: [/usr/lib64/google-cloud-sdk/lib/surface/data_fusion]
2022-05-11 14:09:22,015 DEBUG    root            Loaded Command Group: ['gcloud', 'organizations']
2022-05-11 14:09:22,016 DEBUG    root            Loaded Command Group: ['gcloud', 'source']
2022-05-11 14:09:22,019 DEBUG    root            Loaded Command Group: ['gcloud', 'config']
2022-05-11 14:09:22,020 DEBUG    root            Loaded Command Group: ['gcloud', 'apigee']
2022-05-11 14:09:22,022 DEBUG    root            Loaded Command Group: ['gcloud', 'eventarc']
2022-05-11 14:09:22,024 DEBUG    root            Loaded Command Group: ['gcloud', 'policy_troubleshoot']
2022-05-11 14:09:22,027 DEBUG    root            Loaded Command Group: ['gcloud', 'feedback']
2022-05-11 14:09:22,030 DEBUG    root            Loaded Command Group: ['gcloud', 'firestore']
2022-05-11 14:09:22,031 DEBUG    root            Loaded Command Group: ['gcloud', 'policy_intelligence']
2022-05-11 14:09:22,033 DEBUG    root            Loaded Command Group: ['gcloud', 'transcoder']
2022-05-11 14:09:22,034 DEBUG    root            Loaded Command Group: ['gcloud', 'pubsub']
2022-05-11 14:09:22,052 DEBUG    root            No implementation for release track [GA] for element: [/usr/lib64/google-cloud-sdk/lib/surface/events]
2022-05-11 14:09:22,053 DEBUG    root            Loaded Command Group: ['gcloud', 'recommender']
2022-05-11 14:09:22,055 DEBUG    root            No implementation for release track [GA] for element: [/usr/lib64/google-cloud-sdk/lib/surface/blueprints]
2022-05-11 14:09:22,055 DEBUG    root            Loaded Command Group: ['gcloud', 'access_context_manager']
2022-05-11 14:09:22,057 DEBUG    root            Loaded Command Group: ['gcloud', 'domains']
2022-05-11 14:09:22,059 DEBUG    root            Loaded Command Group: ['gcloud', 'network_connectivity']
2022-05-11 14:09:22,060 DEBUG    root            Loaded Command Group: ['gcloud', 'spanner']
2022-05-11 14:09:22,062 DEBUG    root            Loaded Command Group: ['gcloud', 'dns']
2022-05-11 14:09:22,064 DEBUG    root            No implementation for release track [GA] for element: [/usr/lib64/google-cloud-sdk/lib/surface/runtime_config]
2022-05-11 14:09:22,064 DEBUG    root            No implementation for release track [GA] for element: [/usr/lib64/google-cloud-sdk/lib/surface/commerce_procurement]
2022-05-11 14:09:22,065 DEBUG    root            No implementation for release track [GA] for element: [/usr/lib64/google-cloud-sdk/lib/surface/immersive_stream]
2022-05-11 14:09:22,065 DEBUG    root            Loaded Command Group: ['gcloud', 'iam']
2022-05-11 14:09:22,066 DEBUG    root            No implementation for release track [GA] for element: [/usr/lib64/google-cloud-sdk/lib/surface/edge_container]
2022-05-11 14:09:22,067 DEBUG    root            No implementation for release track [GA] for element: [/usr/lib64/google-cloud-sdk/lib/surface/vmware]
2022-05-11 14:09:22,067 DEBUG    root            No implementation for release track [GA] for element: [/usr/lib64/google-cloud-sdk/lib/surface/storage]
2022-05-11 14:09:22,068 DEBUG    root            Loaded Command Group: ['gcloud', 'deploy']
2022-05-11 14:09:22,069 DEBUG    root            Loaded Command Group: ['gcloud', 'org_policies']
2022-05-11 14:09:22,071 DEBUG    root            No implementation for release track [GA] for element: [/usr/lib64/google-cloud-sdk/lib/surface/datapipelines]
2022-05-11 14:09:22,071 DEBUG    root            Loaded Command Group: ['gcloud', 'bigtable']
2022-05-11 14:09:22,073 DEBUG    root            Loaded Command Group: ['gcloud', 'network_security']
2022-05-11 14:09:22,074 DEBUG    root            No implementation for release track [GA] for element: [/usr/lib64/google-cloud-sdk/lib/surface/remote_build_execution]
2022-05-11 14:09:22,075 DEBUG    root            Loaded Command Group: ['gcloud', 'assured']
2022-05-11 14:09:22,076 DEBUG    root            Loaded Command Group: ['gcloud', 'version']
2022-05-11 14:09:22,098 DEBUG    root            Loaded Command Group: ['gcloud', 'ai_platform']
2022-05-11 14:09:22,100 DEBUG    root            Loaded Command Group: ['gcloud', 'data_catalog']
2022-05-11 14:09:22,102 DEBUG    root            Loaded Command Group: ['gcloud', 'asset']
2022-05-11 14:09:22,104 DEBUG    root            Loaded Command Group: ['gcloud', 'iap']
2022-05-11 14:09:22,105 DEBUG    root            Loaded Command Group: ['gcloud', 'datastore']
2022-05-11 14:09:22,107 DEBUG    root            No implementation for release track [GA] for element: [/usr/lib64/google-cloud-sdk/lib/surface/dlp]
2022-05-11 14:09:22,107 DEBUG    root            Loaded Command Group: ['gcloud', 'service_directory']
2022-05-11 14:09:22,109 DEBUG    root            Loaded Command Group: ['gcloud', 'run']
2022-05-11 14:09:22,110 DEBUG    root            Loaded Command Group: ['gcloud', 'deployment_manager']
2022-05-11 14:09:22,112 DEBUG    root            No implementation for release track [GA] for element: [/usr/lib64/google-cloud-sdk/lib/surface/resource_config]
2022-05-11 14:09:22,112 DEBUG    root            No implementation for release track [GA] for element: [/usr/lib64/google-cloud-sdk/lib/surface/error_reporting]
2022-05-11 14:09:22,113 DEBUG    root            Loaded Command Group: ['gcloud', 'kms']
2022-05-11 14:09:22,114 DEBUG    root            No implementation for release track [GA] for element: [/usr/lib64/google-cloud-sdk/lib/surface/alloydb]
2022-05-11 14:09:22,115 DEBUG    root            Loaded Command Group: ['gcloud', 'anthos']
2022-05-11 14:09:22,116 DEBUG    root            Loaded Command Group: ['gcloud', 'edge_cloud']
2022-05-11 14:09:22,120 DEBUG    root            Loaded Command Group: ['gcloud', 'info']
2022-05-11 14:09:22,122 DEBUG    root            No implementation for release track [GA] for element: [/usr/lib64/google-cloud-sdk/lib/surface/certificate_manager]
2022-05-11 14:09:22,122 DEBUG    root            Loaded Command Group: ['gcloud', 'dataproc']
2022-05-11 14:09:22,124 DEBUG    root            Loaded Command Group: ['gcloud', 'network_management']
2022-05-11 14:09:22,126 DEBUG    root            Loaded Command Group: ['gcloud', 'cheat_sheet']
2022-05-11 14:09:22,128 DEBUG    root            Loaded Command Group: ['gcloud', 'debug']
2022-05-11 14:09:22,130 DEBUG    root            Loaded Command Group: ['gcloud', 'game']
2022-05-11 14:09:22,131 DEBUG    root            Loaded Command Group: ['gcloud', 'iot']
2022-05-11 14:09:22,132 DEBUG    root            No implementation for release track [GA] for element: [/usr/lib64/google-cloud-sdk/lib/surface/lifesciences]
2022-05-11 14:09:22,133 DEBUG    root            No implementation for release track [GA] for element: [/usr/lib64/google-cloud-sdk/lib/surface/kuberun]
2022-05-11 14:09:22,133 DEBUG    root            Loaded Command Group: ['gcloud', 'healthcare']
2022-05-11 14:09:22,135 DEBUG    root            Loaded Command Group: ['gcloud', 'scheduler']
2022-05-11 14:09:22,136 DEBUG    root            Loaded Command Group: ['gcloud', 'edge_cache']
2022-05-11 14:09:22,138 DEBUG    root            Loaded Command Group: ['gcloud', 'endpoints']
2022-05-11 14:09:22,139 DEBUG    root            Loaded Command Group: ['gcloud', 'ids']
2022-05-11 14:09:22,141 DEBUG    root            Loaded Command Group: ['gcloud', 'memcache']
2022-05-11 14:09:22,142 DEBUG    root            Loaded Command Group: ['gcloud', 'components']
2022-05-11 14:09:22,144 DEBUG    root            Loaded Command Group: ['gcloud', 'builds']
2022-05-11 14:09:22,146 DEBUG    root            Loaded Command Group: ['gcloud', 'database_migration']
2022-05-11 14:09:22,148 DEBUG    root            No implementation for release track [GA] for element: [/usr/lib64/google-cloud-sdk/lib/surface/genomics]
2022-05-11 14:09:22,148 DEBUG    root            Loaded Command Group: ['gcloud', 'active_directory']
2022-05-11 14:09:22,149 DEBUG    root            Loaded Command Group: ['gcloud', 'redis']
2022-05-11 14:09:22,151 DEBUG    root            Loaded Command Group: ['gcloud', 'network_services']
2022-05-11 14:09:22,152 DEBUG    root            Loaded Command Group: ['gcloud', 'bms']
2022-05-11 14:09:22,154 DEBUG    root            No implementation for release track [GA] for element: [/usr/lib64/google-cloud-sdk/lib/surface/media]
2022-05-11 14:09:22,154 DEBUG    root            Loaded Command Group: ['gcloud', 'artifacts']
2022-05-11 14:09:22,156 DEBUG    root            No implementation for release track [GA] for element: [/usr/lib64/google-cloud-sdk/lib/surface/beyondcorp]
2022-05-11 14:09:22,156 DEBUG    root            Loaded Command Group: ['gcloud', 'resource_manager']
2022-05-11 14:09:22,158 DEBUG    root            Loaded Command Group: ['gcloud', 'ml']
2022-05-11 14:09:22,159 DEBUG    root            Loaded Command Group: ['gcloud', 'services']
2022-05-11 14:09:22,161 DEBUG    root            Loaded Command Group: ['gcloud', 'topic']
2022-05-11 14:09:22,164 DEBUG    root            Loaded Command Group: ['gcloud', 'resource_settings']
2022-05-11 14:09:22,165 DEBUG    root            Loaded Command Group: ['gcloud', 'transfer']
2022-05-11 14:09:22,167 DEBUG    root            No implementation for release track [GA] for element: [/usr/lib64/google-cloud-sdk/lib/surface/batch]
2022-05-11 14:09:22,167 DEBUG    root            Loaded Command Group: ['gcloud', 'app']
2022-05-11 14:09:22,169 DEBUG    root            No implementation for release track [GA] for element: [/usr/lib64/google-cloud-sdk/lib/surface/trace]
2022-05-11 14:09:22,190 DEBUG    root            Loaded Command Group: ['gcloud', 'compute']
2022-05-11 14:09:22,193 DEBUG    root            Loaded Command Group: ['gcloud', 'auth']
2022-05-11 14:09:22,196 DEBUG    root            No implementation for release track [GA] for element: [/usr/lib64/google-cloud-sdk/lib/surface/code]
2022-05-11 14:09:22,197 DEBUG    root            Loaded Command Group: ['gcloud', 'cloud_shell']
2022-05-11 14:09:22,198 DEBUG    root            Loaded Command Group: ['gcloud', 'monitoring']
2022-05-11 14:09:22,200 DEBUG    root            Loaded Command Group: ['gcloud', 'tasks']
2022-05-11 14:09:22,201 DEBUG    root            Loaded Command Group: ['gcloud', 'api_gateway']
2022-05-11 14:09:22,204 DEBUG    root            Loaded Command Group: ['gcloud', 'docker']
2022-05-11 14:09:22,206 DEBUG    root            Loaded Command Group: ['gcloud', 'billing']
2022-05-11 14:09:22,207 DEBUG    root            Loaded Command Group: ['gcloud', 'metastore']
2022-05-11 14:09:22,209 DEBUG    root            Loaded Command Group: ['gcloud', 'meta']
2022-05-11 14:09:22,211 DEBUG    root            Loaded Command Group: ['gcloud', 'notebooks']
2022-05-11 14:09:22,212 DEBUG    root            No implementation for release track [GA] for element: [/usr/lib64/google-cloud-sdk/lib/surface/dialogflow]
2022-05-11 14:09:22,212 DEBUG    root            No implementation for release track [GA] for element: [/usr/lib64/google-cloud-sdk/lib/surface/workstations]
2022-05-11 14:09:22,216 DEBUG    root            Loaded Command Group: ['gcloud', 'survey']
2022-05-11 14:09:22,218 DEBUG    root            No implementation for release track [GA] for element: [/usr/lib64/google-cloud-sdk/lib/surface/bq]
2022-05-11 14:09:22,219 DEBUG    root            Loaded Command Group: ['gcloud', 'init']
2022-05-11 14:09:22,221 DEBUG    root            Loaded Command Group: ['gcloud', 'secrets']
2022-05-11 14:09:22,223 DEBUG    root            Loaded Command Group: ['gcloud', 'dataflow']
2022-05-11 14:09:22,227 DEBUG    root            Loaded Command Group: ['gcloud', 'help']
2022-05-11 14:09:22,230 DEBUG    root            No implementation for release track [GA] for element: [/usr/lib64/google-cloud-sdk/lib/surface/terraform]
2022-05-11 14:09:22,230 DEBUG    root            Loaded Command Group: ['gcloud', 'access_approval']
2022-05-11 14:09:22,232 DEBUG    root            Loaded Command Group: ['gcloud', 'identity']
2022-05-11 14:09:22,233 DEBUG    root            Loaded Command Group: ['gcloud', 'sql']
2022-05-11 14:09:22,235 DEBUG    root            No implementation for release track [GA] for element: [/usr/lib64/google-cloud-sdk/lib/surface/publicca]
2022-05-11 14:09:22,236 DEBUG    root            Loaded Command Group: ['gcloud', 'dataplex']
2022-05-11 14:09:22,238 DEBUG    root            Loaded Command Group: ['gcloud', 'functions']
2022-05-11 14:09:22,240 DEBUG    root            Loaded Command Group: ['gcloud', 'essential_contacts']
2022-05-11 14:09:22,242 DEBUG    root            Loaded Command Group: ['gcloud', 'ai']
2022-05-11 14:09:22,244 DEBUG    root            Loaded Command Group: ['gcloud', 'scc']
2022-05-11 14:09:22,245 DEBUG    root            Loaded Command Group: ['gcloud', 'ml_engine']
2022-05-11 14:09:22,247 DEBUG    root            Loaded Command Group: ['gcloud', 'composer']
2022-05-11 14:09:22,249 DEBUG    root            No implementation for release track [GA] for element: [/usr/lib64/google-cloud-sdk/lib/surface/web_security_scanner]
2022-05-11 14:09:22,249 DEBUG    root            Loaded Command Group: ['gcloud', 'firebase']
2022-05-11 14:09:22,251 DEBUG    root            Loaded Command Group: ['gcloud', 'filestore']
2022-05-11 14:09:22,252 DEBUG    root            Loaded Command Group: ['gcloud', 'recaptcha']
2022-05-11 14:09:22,253 DEBUG    root            Loaded Command Group: ['gcloud', 'logging']
2022-05-11 14:09:22,255 DEBUG    root            Loaded Command Group: ['gcloud', 'projects']
2022-05-11 14:09:22,307 DEBUG    root            No implementation for release track [GA] for element: [/usr/lib64/google-cloud-sdk/lib/surface/interactive]
2022-05-11 14:09:22,308 ERROR    root            (gcloud) Invalid choice: 'prjects'.
