2022-05-11 16:59:09,929 DEBUG    root            Loaded Command Group: ['gcloud', 'auth']
2022-05-11 16:59:09,932 DEBUG    root            Loaded Command Group: ['gcloud', 'auth', 'docker_helper']
2022-05-11 16:59:09,934 DEBUG    root            Running [gcloud.auth.docker-helper] with arguments: [METHOD: "get"]
2022-05-11 16:59:09,945 DEBUG    google.auth.transport.requests Making request: GET http://metadata.google.internal/computeMetadata/v1/instance/service-accounts/801727839795-compute@developer.gserviceaccount.com/?recursive=true
2022-05-11 16:59:09,948 DEBUG    urllib3.connectionpool Starting new HTTP connection (1): metadata.google.internal:80
2022-05-11 16:59:09,950 DEBUG    urllib3.connectionpool http://metadata.google.internal:80 "GET /computeMetadata/v1/instance/service-accounts/801727839795-compute@developer.gserviceaccount.com/?recursive=true HTTP/1.1" 200 197
2022-05-11 16:59:09,951 DEBUG    google.auth.transport.requests Making request: GET http://metadata.google.internal/computeMetadata/v1/instance/service-accounts/801727839795-compute@developer.gserviceaccount.com/token
2022-05-11 16:59:09,953 DEBUG    urllib3.connectionpool http://metadata.google.internal:80 "GET /computeMetadata/v1/instance/service-accounts/801727839795-compute@developer.gserviceaccount.com/token HTTP/1.1" 200 277
2022-05-11 16:59:10,031 DEBUG    google.auth.transport.requests Making request: GET http://metadata.google.internal/computeMetadata/v1/instance/service-accounts/801727839795-compute@developer.gserviceaccount.com/?recursive=true
2022-05-11 16:59:10,033 DEBUG    urllib3.connectionpool Starting new HTTP connection (1): metadata.google.internal:80
2022-05-11 16:59:10,035 DEBUG    urllib3.connectionpool http://metadata.google.internal:80 "GET /computeMetadata/v1/instance/service-accounts/801727839795-compute@developer.gserviceaccount.com/?recursive=true HTTP/1.1" 200 197
2022-05-11 16:59:10,036 DEBUG    google.auth.transport.requests Making request: GET http://metadata.google.internal/computeMetadata/v1/instance/service-accounts/801727839795-compute@developer.gserviceaccount.com/token?scopes=https%3A%2F%2Fwww.googleapis.com%2Fauth%2Fdevstorage.read_only%2Chttps%3A%2F%2Fwww.googleapis.com%2Fauth%2Flogging.write%2Chttps%3A%2F%2Fwww.googleapis.com%2Fauth%2Fmonitoring.write%2Chttps%3A%2F%2Fwww.googleapis.com%2Fauth%2Fservicecontrol%2Chttps%3A%2F%2Fwww.googleapis.com%2Fauth%2Fservice.management.readonly%2Chttps%3A%2F%2Fwww.googleapis.com%2Fauth%2Ftrace.append
2022-05-11 16:59:10,040 DEBUG    urllib3.connectionpool http://metadata.google.internal:80 "GET /computeMetadata/v1/instance/service-accounts/801727839795-compute@developer.gserviceaccount.com/token?scopes=https%3A%2F%2Fwww.googleapis.com%2Fauth%2Fdevstorage.read_only%2Chttps%3A%2F%2Fwww.googleapis.com%2Fauth%2Flogging.write%2Chttps%3A%2F%2Fwww.googleapis.com%2Fauth%2Fmonitoring.write%2Chttps%3A%2F%2Fwww.googleapis.com%2Fauth%2Fservicecontrol%2Chttps%3A%2F%2Fwww.googleapis.com%2Fauth%2Fservice.management.readonly%2Chttps%3A%2F%2Fwww.googleapis.com%2Fauth%2Ftrace.append HTTP/1.1" 200 277
2022-05-11 16:59:10,044 INFO     root            Display format: "json"
2022-05-11 16:59:10,046 INFO     ___FILE_ONLY___ {
  "Secret": "ya29.c.b0AXv0zTMR-f5Y-ATcT0UCXLwUJId0YS48y2KleaWKBfWkLMM47mQJsTJv1wrZ0iVwziTNBZG4J8El-Bxy8dmkEgNT9iXgxSnaBzcsh1lJJIc2iez5rd0FYbPyRtD9AQY5qwFZEpY9tUNhCMCkQeG8ut2sjoofHhdXRO4DXUoTlm_dtxq81QVeZHPsEP9hsbWyaXxiVuMCEgkkUlzEVNmKGD0................................................................................................................................................................................................................................................................................................................................................................................................................................................................................................................................................................................................................................................................................................................................................................................................................................",
  "Username": "_dcgcloud_token"
}
2022-05-11 16:59:10,047 INFO     ___FILE_ONLY___ 

2022-05-11 16:59:10,047 DEBUG    root            SDK update checks are disabled.
